<?xml version="1.0" ?>
<coverage version="7.15.2" timestamp="1786043178978" lines-valid="1944" lines-covered="1143" line-rate="0.588" branches-valid="252" branches-covered="11" branch-rate="0.04365" complexity="0">
	<!-- Generated by coverage.py: https://coverage.readthedocs.io/en/7.15.2 -->
	<!-- Based on https://raw.githubusercontent.com/cobertura/web/master/htdocs/xml/coverage-04.dtd -->
	<sources>
		<source>C:\Projects\CDCS\CDCS-EMP\app</source>
	</sources>
	<packages>
		<package name="." line-rate="0.6515" branch-rate="0.8333" complexity="0">
			<classes>
				<class name="__init__.py" filename="__init__.py" complexity="0" line-rate="0.9556" branch-rate="0.8333">
					<methods/>
					<lines>
						<line number="7" hits="1"/>
						<line number="8" hits="1"/>
						<line number="10" hits="1"/>
						<line number="11" hits="1"/>
						<line number="12" hits="1"/>
						<line number="14" hits="1"/>
						<line number="15" hits="1"/>
						<line number="16" hits="1"/>
						<line number="17" hits="1"/>
						<line number="18" hits="1"/>
						<line number="30" hits="1"/>
						<line number="35" hits="1"/>
						<line number="37" hits="1" branch="true" condition-coverage="50% (1/2)" missing-branches="41"/>
						<line number="38" hits="1"/>
						<line number="41" hits="1"/>
						<line number="46" hits="1" branch="true" condition-coverage="100% (2/2)"/>
						<line number="47" hits="1"/>
						<line number="52" hits="1"/>
						<line number="58" hits="1"/>
						<line number="66" hits="1"/>
						<line number="68" hits="1"/>
						<line number="73" hits="1"/>
						<line number="75" hits="1"/>
						<line number="77" hits="1"/>
						<line number="87" hits="1"/>
						<line number="89" hits="1"/>
						<line number="93" hits="1"/>
						<line number="97" hits="1"/>
						<line number="105" hits="1"/>
						<line number="111" hits="1" branch="true" condition-coverage="100% (2/2)"/>
						<line number="112" hits="1"/>
						<line number="120" hits="1"/>
						<line number="121" hits="1"/>
						<line number="122" hits="0"/>
						<line number="129" hits="1"/>
						<line number="130" hits="1"/>
						<line number="131" hits="0"/>
						<line number="142" hits="1"/>
						<line number="146" hits="1"/>
						<line number="147" hits="1"/>
						<line number="148" hits="1"/>
						<line number="152" hits="1"/>
						<line number="153" hits="1"/>
						<line number="154" hits="1"/>
						<line number="158" hits="1"/>
					</lines>
				</class>
				<class name="extensions.py" filename="extensions.py" complexity="0" line-rate="0" branch-rate="1">
					<methods/>
					<lines>
						<line number="7" hits="0"/>
						<line number="8" hits="0"/>
						<line number="9" hits="0"/>
						<line number="10" hits="0"/>
						<line number="12" hits="0"/>
						<line number="13" hits="0"/>
						<line number="14" hits="0"/>
						<line number="15" hits="0"/>
						<line number="16" hits="0"/>
						<line number="18" hits="0"/>
						<line number="20" hits="0"/>
						<line number="22" hits="0"/>
						<line number="24" hits="0"/>
						<line number="26" hits="0"/>
						<line number="28" hits="0"/>
						<line number="29" hits="0"/>
						<line number="30" hits="0"/>
						<line number="33" hits="0"/>
						<line number="34" hits="0"/>
						<line number="35" hits="0"/>
						<line number="40" hits="0"/>
					</lines>
				</class>
			</classes>
		</package>
		<package name="auth" line-rate="0.5942" branch-rate="0.0625" complexity="0">
			<classes>
				<class name="__init__.py" filename="auth/__init__.py" complexity="0" line-rate="1" branch-rate="1">
					<methods/>
					<lines>
						<line number="1" hits="1"/>
						<line number="3" hits="1"/>
						<line number="9" hits="1"/>
					</lines>
				</class>
				<class name="forms.py" filename="auth/forms.py" complexity="0" line-rate="1" branch-rate="1">
					<methods/>
					<lines>
						<line number="1" hits="1"/>
						<line number="2" hits="1"/>
						<line number="3" hits="1"/>
						<line number="4" hits="1"/>
						<line number="5" hits="1"/>
						<line number="6" hits="1"/>
						<line number="9" hits="1"/>
						<line number="11" hits="1"/>
						<line number="19" hits="1"/>
						<line number="26" hits="1"/>
					</lines>
				</class>
				<class name="routes.py" filename="auth/routes.py" complexity="0" line-rate="0.5882" branch-rate="0.125">
					<methods/>
					<lines>
						<line number="7" hits="1"/>
						<line number="9" hits="1"/>
						<line number="10" hits="1"/>
						<line number="11" hits="1"/>
						<line number="12" hits="1"/>
						<line number="13" hits="1"/>
						<line number="14" hits="1"/>
						<line number="16" hits="1"/>
						<line number="17" hits="1"/>
						<line number="19" hits="1"/>
						<line number="20" hits="1"/>
						<line number="21" hits="1"/>
						<line number="24" hits="1"/>
						<line number="25" hits="1"/>
						<line number="26" hits="1"/>
						<line number="28" hits="1" branch="true" condition-coverage="50% (1/2)" missing-branches="30"/>
						<line number="30" hits="0"/>
						<line number="36" hits="0" branch="true" condition-coverage="0% (0/2)" missing-branches="38,56"/>
						<line number="38" hits="0"/>
						<line number="40" hits="0" branch="true" condition-coverage="0% (0/2)" missing-branches="41,46"/>
						<line number="41" hits="0"/>
						<line number="43" hits="0" branch="true" condition-coverage="0% (0/2)" missing-branches="44,46"/>
						<line number="44" hits="0"/>
						<line number="46" hits="0"/>
						<line number="51" hits="0"/>
						<line number="56" hits="0"/>
						<line number="61" hits="1"/>
						<line number="67" hits="1"/>
						<line number="68" hits="1"/>
						<line number="69" hits="1"/>
						<line number="71" hits="0"/>
						<line number="73" hits="0"/>
						<line number="75" hits="0"/>
						<line number="80" hits="0"/>
					</lines>
				</class>
				<class name="services.py" filename="auth/services.py" complexity="0" line-rate="0.3636" branch-rate="0">
					<methods/>
					<lines>
						<line number="7" hits="1"/>
						<line number="8" hits="1"/>
						<line number="10" hits="1"/>
						<line number="11" hits="1"/>
						<line number="12" hits="1"/>
						<line number="15" hits="1"/>
						<line number="20" hits="1"/>
						<line number="21" hits="1"/>
						<line number="26" hits="0"/>
						<line number="30" hits="0" branch="true" condition-coverage="0% (0/2)" missing-branches="31,33"/>
						<line number="31" hits="0"/>
						<line number="33" hits="0" branch="true" condition-coverage="0% (0/2)" missing-branches="34,36"/>
						<line number="34" hits="0"/>
						<line number="36" hits="0" branch="true" condition-coverage="0% (0/2)" missing-branches="37,39"/>
						<line number="37" hits="0"/>
						<line number="39" hits="0" branch="true" condition-coverage="0% (0/2)" missing-branches="40,42"/>
						<line number="40" hits="0"/>
						<line number="42" hits="0"/>
						<line number="47" hits="0"/>
						<line number="49" hits="0"/>
						<line number="51" hits="0"/>
						<line number="53" hits="0"/>
					</lines>
				</class>
			</classes>
		</package>
		<package name="blueprints.dashboard" line-rate="0.9231" branch-rate="1" complexity="0">
			<classes>
				<class name="__init__.py" filename="blueprints/dashboard/__init__.py" complexity="0" line-rate="1" branch-rate="1">
					<methods/>
					<lines>
						<line number="1" hits="1"/>
						<line number="3" hits="1"/>
						<line number="8" hits="1"/>
					</lines>
				</class>
				<class name="routes.py" filename="blueprints/dashboard/routes.py" complexity="0" line-rate="0.9" branch-rate="1">
					<methods/>
					<lines>
						<line number="7" hits="1"/>
						<line number="9" hits="1"/>
						<line number="11" hits="1"/>
						<line number="12" hits="1"/>
						<line number="14" hits="1"/>
						<line number="17" hits="1"/>
						<line number="18" hits="1"/>
						<line number="19" hits="1"/>
						<line number="20" hits="1"/>
						<line number="21" hits="0"/>
					</lines>
				</class>
			</classes>
		</package>
		<package name="branding" line-rate="1" branch-rate="1" complexity="0">
			<classes>
				<class name="brand.py" filename="branding/brand.py" complexity="0" line-rate="1" branch-rate="1">
					<methods/>
					<lines>
						<line number="5" hits="1"/>
					</lines>
				</class>
			</classes>
		</package>
		<package name="config" line-rate="1" branch-rate="1" complexity="0">
			<classes>
				<class name="__init__.py" filename="config/__init__.py" complexity="0" line-rate="1" branch-rate="1">
					<methods/>
					<lines>
						<line number="5" hits="1"/>
						<line number="6" hits="1"/>
						<line number="7" hits="1"/>
						<line number="9" hits="1"/>
					</lines>
				</class>
				<class name="base.py" filename="config/base.py" complexity="0" line-rate="1" branch-rate="1">
					<methods/>
					<lines>
						<line number="7" hits="1"/>
						<line number="8" hits="1"/>
						<line number="9" hits="1"/>
						<line number="12" hits="1"/>
						<line number="17" hits="1"/>
						<line number="22" hits="1"/>
						<line number="24" hits="1"/>
						<line number="25" hits="1"/>
						<line number="26" hits="1"/>
						<line number="31" hits="1"/>
						<line number="38" hits="1"/>
						<line number="40" hits="1"/>
						<line number="41" hits="1"/>
						<line number="42" hits="1"/>
						<line number="44" hits="1"/>
						<line number="45" hits="1"/>
						<line number="46" hits="1"/>
						<line number="47" hits="1"/>
						<line number="48" hits="1"/>
					</lines>
				</class>
				<class name="development.py" filename="config/development.py" complexity="0" line-rate="1" branch-rate="1">
					<methods/>
					<lines>
						<line number="5" hits="1"/>
						<line number="8" hits="1"/>
						<line number="11" hits="1"/>
					</lines>
				</class>
				<class name="production.py" filename="config/production.py" complexity="0" line-rate="1" branch-rate="1">
					<methods/>
					<lines>
						<line number="5" hits="1"/>
						<line number="8" hits="1"/>
						<line number="11" hits="1"/>
						<line number="13" hits="1"/>
						<line number="14" hits="1"/>
					</lines>
				</class>
				<class name="testing.py" filename="config/testing.py" complexity="0" line-rate="1" branch-rate="1">
					<methods/>
					<lines>
						<line number="5" hits="1"/>
						<line number="6" hits="1"/>
						<line number="8" hits="1"/>
						<line number="11" hits="1"/>
						<line number="16" hits="1"/>
						<line number="18" hits="1"/>
						<line number="20" hits="1"/>
						<line number="25" hits="1"/>
					</lines>
				</class>
			</classes>
		</package>
		<package name="core.crud" line-rate="0.6266" branch-rate="0" complexity="0">
			<classes>
				<class name="__init__.py" filename="core/crud/__init__.py" complexity="0" line-rate="1" branch-rate="1">
					<methods/>
					<lines>
						<line number="15" hits="1"/>
						<line number="24" hits="1"/>
						<line number="33" hits="1"/>
						<line number="43" hits="1"/>
						<line number="56" hits="1"/>
						<line number="67" hits="1"/>
						<line number="72" hits="1"/>
						<line number="77" hits="1"/>
						<line number="87" hits="1"/>
						<line number="96" hits="1"/>
						<line number="103" hits="1"/>
					</lines>
				</class>
				<class name="config.py" filename="core/crud/config.py" complexity="0" line-rate="0.5926" branch-rate="0">
					<methods/>
					<lines>
						<line number="9" hits="1"/>
						<line number="11" hits="1"/>
						<line number="13" hits="1"/>
						<line number="16" hits="1"/>
						<line number="17" hits="1"/>
						<line number="23" hits="1"/>
						<line number="25" hits="1"/>
						<line number="27" hits="1"/>
						<line number="29" hits="1"/>
						<line number="31" hits="1"/>
						<line number="33" hits="1"/>
						<line number="35" hits="1"/>
						<line number="37" hits="1"/>
						<line number="41" hits="1"/>
						<line number="46" hits="1"/>
						<line number="53" hits="0"/>
						<line number="59" hits="1"/>
						<line number="66" hits="0"/>
						<line number="69" hits="0" branch="true" condition-coverage="0% (0/2)" missing-branches="70,75"/>
						<line number="70" hits="0"/>
						<line number="75" hits="0" branch="true" condition-coverage="0% (0/2)" missing-branches="76,81"/>
						<line number="76" hits="0"/>
						<line number="81" hits="0" branch="true" condition-coverage="0% (0/2)" missing-branches="82,87"/>
						<line number="82" hits="0"/>
						<line number="87" hits="0" branch="true" condition-coverage="0% (0/2)" missing-branches="88,93"/>
						<line number="88" hits="0"/>
						<line number="93" hits="0"/>
					</lines>
				</class>
				<class name="exceptions.py" filename="core/crud/exceptions.py" complexity="0" line-rate="0.6667" branch-rate="1">
					<methods/>
					<lines>
						<line number="10" hits="1"/>
						<line number="15" hits="1"/>
						<line number="19" hits="0"/>
						<line number="21" hits="0"/>
						<line number="26" hits="1"/>
						<line number="33" hits="1"/>
						<line number="38" hits="0"/>
						<line number="45" hits="0"/>
						<line number="47" hits="0"/>
						<line number="50" hits="1"/>
						<line number="57" hits="1"/>
						<line number="60" hits="1"/>
						<line number="67" hits="1"/>
						<line number="70" hits="1"/>
						<line number="78" hits="1"/>
					</lines>
				</class>
				<class name="forms.py" filename="core/crud/forms.py" complexity="0" line-rate="0.5" branch-rate="0">
					<methods/>
					<lines>
						<line number="9" hits="1"/>
						<line number="11" hits="1"/>
						<line number="14" hits="1"/>
						<line number="19" hits="1"/>
						<line number="25" hits="1"/>
						<line number="35" hits="1"/>
						<line number="40" hits="0"/>
						<line number="45" hits="0"/>
						<line number="47" hits="0"/>
						<line number="50" hits="1"/>
						<line number="60" hits="0"/>
						<line number="62" hits="0"/>
						<line number="65" hits="1"/>
						<line number="73" hits="0"/>
						<line number="76" hits="1"/>
						<line number="83" hits="0"/>
						<line number="88" hits="1"/>
						<line number="96" hits="0" branch="true" condition-coverage="0% (0/2)" missing-branches="98,102"/>
						<line number="98" hits="0"/>
						<line number="102" hits="0"/>
					</lines>
				</class>
				<class name="operations.py" filename="core/crud/operations.py" complexity="0" line-rate="1" branch-rate="1">
					<methods/>
					<lines>
						<line number="9" hits="1"/>
						<line number="12" hits="1"/>
						<line number="18" hits="1"/>
						<line number="20" hits="1"/>
						<line number="22" hits="1"/>
						<line number="24" hits="1"/>
						<line number="27" hits="1"/>
						<line number="33" hits="1"/>
						<line number="35" hits="1"/>
						<line number="37" hits="1"/>
						<line number="39" hits="1"/>
						<line number="41" hits="1"/>
						<line number="44" hits="1"/>
					</lines>
				</class>
				<class name="registry.py" filename="core/crud/registry.py" complexity="0" line-rate="0.7692" branch-rate="1">
					<methods/>
					<lines>
						<line number="9" hits="1"/>
						<line number="11" hits="1"/>
						<line number="12" hits="1"/>
						<line number="15" hits="1"/>
						<line number="16" hits="1"/>
						<line number="21" hits="1"/>
						<line number="23" hits="1"/>
						<line number="25" hits="1"/>
						<line number="27" hits="1"/>
						<line number="29" hits="1"/>
						<line number="31" hits="1"/>
						<line number="33" hits="1"/>
						<line number="37" hits="1"/>
						<line number="42" hits="1"/>
						<line number="44" hits="1"/>
						<line number="50" hits="1"/>
						<line number="58" hits="0"/>
						<line number="63" hits="0"/>
						<line number="66" hits="1"/>
						<line number="75" hits="0"/>
						<line number="80" hits="0"/>
						<line number="85" hits="1"/>
						<line number="92" hits="0"/>
						<line number="97" hits="1"/>
						<line number="104" hits="0"/>
						<line number="109" hits="1"/>
					</lines>
				</class>
				<class name="repository.py" filename="core/crud/repository.py" complexity="0" line-rate="0.4194" branch-rate="0">
					<methods/>
					<lines>
						<line number="9" hits="1"/>
						<line number="11" hits="1"/>
						<line number="13" hits="1"/>
						<line number="19" hits="1"/>
						<line number="25" hits="1"/>
						<line number="37" hits="1"/>
						<line number="38" hits="0"/>
						<line number="40" hits="1"/>
						<line number="48" hits="0" branch="true" condition-coverage="0% (0/2)" missing-branches="50,53"/>
						<line number="50" hits="0" branch="true" condition-coverage="0% (0/2)" missing-branches="48,51"/>
						<line number="51" hits="0"/>
						<line number="53" hits="0"/>
						<line number="55" hits="1"/>
						<line number="62" hits="0"/>
						<line number="66" hits="1"/>
						<line number="74" hits="0" branch="true" condition-coverage="0% (0/2)" missing-branches="75,80"/>
						<line number="75" hits="0"/>
						<line number="80" hits="0"/>
						<line number="84" hits="0"/>
						<line number="86" hits="1"/>
						<line number="94" hits="0" branch="true" condition-coverage="0% (0/2)" missing-branches="98,104"/>
						<line number="98" hits="0" branch="true" condition-coverage="0% (0/2)" missing-branches="94,100"/>
						<line number="100" hits="0"/>
						<line number="102" hits="0"/>
						<line number="104" hits="0"/>
						<line number="106" hits="1"/>
						<line number="114" hits="0"/>
						<line number="120" hits="1"/>
						<line number="128" hits="0"/>
						<line number="133" hits="1"/>
						<line number="140" hits="0"/>
					</lines>
				</class>
				<class name="service.py" filename="core/crud/service.py" complexity="0" line-rate="0.5238" branch-rate="0">
					<methods/>
					<lines>
						<line number="9" hits="1"/>
						<line number="11" hits="1"/>
						<line number="13" hits="1"/>
						<line number="19" hits="1"/>
						<line number="24" hits="1"/>
						<line number="30" hits="1"/>
						<line number="42" hits="1"/>
						<line number="47" hits="0"/>
						<line number="51" hits="0"/>
						<line number="56" hits="1"/>
						<line number="68" hits="0"/>
						<line number="74" hits="0" branch="true" condition-coverage="0% (0/2)" missing-branches="75,80"/>
						<line number="75" hits="0"/>
						<line number="80" hits="0"/>
						<line number="82" hits="1"/>
						<line number="90" hits="0"/>
						<line number="96" hits="1"/>
						<line number="104" hits="0"/>
						<line number="110" hits="1"/>
						<line number="118" hits="0"/>
						<line number="122" hits="0"/>
					</lines>
				</class>
				<class name="tables.py" filename="core/crud/tables.py" complexity="0" line-rate="0.7083" branch-rate="0">
					<methods/>
					<lines>
						<line number="9" hits="1"/>
						<line number="11" hits="1"/>
						<line number="12" hits="1"/>
						<line number="15" hits="1"/>
						<line number="20" hits="1"/>
						<line number="26" hits="1"/>
						<line number="27" hits="1"/>
						<line number="32" hits="1"/>
						<line number="34" hits="1"/>
						<line number="36" hits="1"/>
						<line number="38" hits="1"/>
						<line number="42" hits="1"/>
						<line number="52" hits="1"/>
						<line number="55" hits="1"/>
						<line number="60" hits="0"/>
						<line number="66" hits="1"/>
						<line number="73" hits="0"/>
						<line number="78" hits="1"/>
						<line number="86" hits="0"/>
						<line number="88" hits="0" branch="true" condition-coverage="0% (0/2)" missing-branches="90,94"/>
						<line number="90" hits="0"/>
						<line number="94" hits="0"/>
						<line number="97" hits="1"/>
						<line number="105" hits="0"/>
					</lines>
				</class>
				<class name="transaction.py" filename="core/crud/transaction.py" complexity="0" line-rate="0.5143" branch-rate="1">
					<methods/>
					<lines>
						<line number="9" hits="1"/>
						<line number="11" hits="1"/>
						<line number="12" hits="1"/>
						<line number="13" hits="1"/>
						<line number="16" hits="1"/>
						<line number="26" hits="1"/>
						<line number="27" hits="1"/>
						<line number="34" hits="1"/>
						<line number="35" hits="1"/>
						<line number="42" hits="1"/>
						<line number="43" hits="1"/>
						<line number="50" hits="1"/>
						<line number="51" hits="1"/>
						<line number="61" hits="0"/>
						<line number="63" hits="0"/>
						<line number="65" hits="0"/>
						<line number="67" hits="0"/>
						<line number="69" hits="0"/>
						<line number="71" hits="0"/>
						<line number="73" hits="0"/>
						<line number="76" hits="1"/>
						<line number="86" hits="1"/>
						<line number="88" hits="0"/>
						<line number="90" hits="0"/>
						<line number="92" hits="0"/>
						<line number="95" hits="1"/>
						<line number="100" hits="0"/>
						<line number="102" hits="0"/>
						<line number="104" hits="0"/>
						<line number="107" hits="1"/>
						<line number="112" hits="0"/>
						<line number="114" hits="0"/>
						<line number="117" hits="1"/>
						<line number="122" hits="0"/>
						<line number="124" hits="0"/>
					</lines>
				</class>
				<class name="views.py" filename="core/crud/views.py" complexity="0" line-rate="0.6667" branch-rate="1">
					<methods/>
					<lines>
						<line number="9" hits="1"/>
						<line number="11" hits="1"/>
						<line number="14" hits="1"/>
						<line number="19" hits="1"/>
						<line number="24" hits="1"/>
						<line number="30" hits="1"/>
						<line number="40" hits="1"/>
						<line number="44" hits="0"/>
						<line number="47" hits="1"/>
						<line number="54" hits="0"/>
						<line number="57" hits="1"/>
						<line number="65" hits="0"/>
						<line number="70" hits="1"/>
						<line number="78" hits="0"/>
						<line number="83" hits="1"/>
						<line number="91" hits="0"/>
						<line number="96" hits="1"/>
						<line number="104" hits="0"/>
					</lines>
				</class>
			</classes>
		</package>
		<package name="core.data" line-rate="0.8158" branch-rate="0" complexity="0">
			<classes>
				<class name="__init__.py" filename="core/data/__init__.py" complexity="0" line-rate="1" branch-rate="1">
					<methods/>
					<lines>
						<line number="10" hits="1"/>
						<line number="14" hits="1"/>
						<line number="18" hits="1"/>
						<line number="22" hits="1"/>
						<line number="26" hits="1"/>
						<line number="31" hits="1"/>
						<line number="36" hits="1"/>
						<line number="42" hits="1"/>
					</lines>
				</class>
				<class name="entity.py" filename="core/data/entity.py" complexity="0" line-rate="0.8" branch-rate="1">
					<methods/>
					<lines>
						<line number="9" hits="1"/>
						<line number="11" hits="1"/>
						<line number="12" hits="1"/>
						<line number="13" hits="1"/>
						<line number="16" hits="1"/>
						<line number="17" hits="1"/>
						<line number="25" hits="1"/>
						<line number="27" hits="1"/>
						<line number="31" hits="1"/>
						<line number="40" hits="0"/>
						<line number="42" hits="1"/>
						<line number="50" hits="0"/>
						<line number="55" hits="1"/>
						<line number="56" hits="1"/>
						<line number="64" hits="0"/>
					</lines>
				</class>
				<class name="filters.py" filename="core/data/filters.py" complexity="0" line-rate="0.75" branch-rate="1">
					<methods/>
					<lines>
						<line number="9" hits="1"/>
						<line number="10" hits="1"/>
						<line number="13" hits="1"/>
						<line number="14" hits="1"/>
						<line number="19" hits="1"/>
						<line number="21" hits="1"/>
						<line number="23" hits="1"/>
						<line number="26" hits="1"/>
						<line number="27" hits="1"/>
						<line number="32" hits="1"/>
						<line number="36" hits="1"/>
						<line number="46" hits="0"/>
						<line number="54" hits="1"/>
						<line number="59" hits="0"/>
						<line number="61" hits="1"/>
						<line number="62" hits="0"/>
						<line number="64" hits="1"/>
						<line number="65" hits="0"/>
						<line number="67" hits="1"/>
						<line number="72" hits="0"/>
					</lines>
				</class>
				<class name="pagination.py" filename="core/data/pagination.py" complexity="0" line-rate="0.7931" branch-rate="0">
					<methods/>
					<lines>
						<line number="9" hits="1"/>
						<line number="11" hits="1"/>
						<line number="12" hits="1"/>
						<line number="13" hits="1"/>
						<line number="15" hits="1"/>
						<line number="17" hits="1"/>
						<line number="23" hits="1"/>
						<line number="24" hits="1"/>
						<line number="29" hits="1"/>
						<line number="31" hits="1"/>
						<line number="34" hits="1"/>
						<line number="35" hits="1"/>
						<line number="43" hits="1"/>
						<line number="47" hits="1"/>
						<line number="49" hits="1"/>
						<line number="51" hits="1"/>
						<line number="53" hits="1"/>
						<line number="54" hits="1"/>
						<line number="59" hits="0" branch="true" condition-coverage="0% (0/2)" missing-branches="60,62"/>
						<line number="60" hits="0"/>
						<line number="62" hits="0"/>
						<line number="67" hits="1"/>
						<line number="68" hits="1"/>
						<line number="73" hits="0"/>
						<line number="75" hits="1"/>
						<line number="76" hits="1"/>
						<line number="81" hits="0"/>
						<line number="83" hits="1"/>
						<line number="89" hits="0"/>
					</lines>
				</class>
				<class name="query.py" filename="core/data/query.py" complexity="0" line-rate="0.9286" branch-rate="1">
					<methods/>
					<lines>
						<line number="9" hits="1"/>
						<line number="10" hits="1"/>
						<line number="13" hits="1"/>
						<line number="14" hits="1"/>
						<line number="20" hits="1"/>
						<line number="22" hits="1"/>
						<line number="24" hits="1"/>
						<line number="26" hits="1"/>
						<line number="28" hits="1"/>
						<line number="32" hits="1"/>
						<line number="34" hits="1"/>
						<line number="38" hits="1"/>
						<line number="40" hits="1"/>
						<line number="45" hits="0"/>
					</lines>
				</class>
				<class name="repository.py" filename="core/data/repository.py" complexity="0" line-rate="1" branch-rate="1">
					<methods/>
					<lines>
						<line number="9" hits="1"/>
						<line number="11" hits="1"/>
						<line number="12" hits="1"/>
						<line number="14" hits="1"/>
						<line number="16" hits="1"/>
						<line number="22" hits="1"/>
						<line number="31" hits="1"/>
						<line number="32" hits="1"/>
						<line number="41" hits="1"/>
						<line number="42" hits="1"/>
						<line number="50" hits="1"/>
						<line number="51" hits="1"/>
						<line number="60" hits="1"/>
						<line number="61" hits="1"/>
						<line number="70" hits="1"/>
						<line number="71" hits="1"/>
						<line number="80" hits="1"/>
						<line number="81" hits="1"/>
						<line number="90" hits="1"/>
						<line number="91" hits="1"/>
					</lines>
				</class>
				<class name="service.py" filename="core/data/service.py" complexity="0" line-rate="0.6364" branch-rate="1">
					<methods/>
					<lines>
						<line number="9" hits="1"/>
						<line number="11" hits="1"/>
						<line number="13" hits="1"/>
						<line number="14" hits="1"/>
						<line number="16" hits="1"/>
						<line number="22" hits="1"/>
						<line number="33" hits="1"/>
						<line number="44" hits="0"/>
						<line number="46" hits="1"/>
						<line number="54" hits="0"/>
						<line number="58" hits="1"/>
						<line number="65" hits="0"/>
						<line number="67" hits="1"/>
						<line number="78" hits="0"/>
						<line number="80" hits="1"/>
						<line number="91" hits="0"/>
						<line number="93" hits="1"/>
						<line number="101" hits="0"/>
						<line number="103" hits="1"/>
						<line number="111" hits="0"/>
						<line number="115" hits="1"/>
						<line number="122" hits="0"/>
					</lines>
				</class>
				<class name="sorting.py" filename="core/data/sorting.py" complexity="0" line-rate="0.7917" branch-rate="1">
					<methods/>
					<lines>
						<line number="9" hits="1"/>
						<line number="11" hits="1"/>
						<line number="12" hits="1"/>
						<line number="13" hits="1"/>
						<line number="16" hits="1"/>
						<line number="21" hits="1"/>
						<line number="22" hits="1"/>
						<line number="25" hits="1"/>
						<line number="26" hits="1"/>
						<line number="31" hits="1"/>
						<line number="33" hits="1"/>
						<line number="38" hits="1"/>
						<line number="39" hits="1"/>
						<line number="44" hits="1"/>
						<line number="48" hits="1"/>
						<line number="59" hits="0"/>
						<line number="66" hits="1"/>
						<line number="71" hits="0"/>
						<line number="73" hits="1"/>
						<line number="74" hits="0"/>
						<line number="76" hits="1"/>
						<line number="77" hits="0"/>
						<line number="79" hits="1"/>
						<line number="85" hits="0"/>
					</lines>
				</class>
			</classes>
		</package>
		<package name="core.discovery" line-rate="0.5574" branch-rate="0.1111" complexity="0">
			<classes>
				<class name="__init__.py" filename="core/discovery/__init__.py" complexity="0" line-rate="1" branch-rate="1">
					<methods/>
					<lines>
						<line number="9" hits="1"/>
						<line number="13" hits="1"/>
						<line number="17" hits="1"/>
						<line number="21" hits="1"/>
						<line number="25" hits="1"/>
					</lines>
				</class>
				<class name="discovery.py" filename="core/discovery/discovery.py" complexity="0" line-rate="0.5294" branch-rate="0.1">
					<methods/>
					<lines>
						<line number="10" hits="1"/>
						<line number="11" hits="1"/>
						<line number="13" hits="1"/>
						<line number="15" hits="1"/>
						<line number="18" hits="1"/>
						<line number="24" hits="1"/>
						<line number="36" hits="1"/>
						<line number="39" hits="1"/>
						<line number="49" hits="1"/>
						<line number="51" hits="1" branch="true" condition-coverage="50% (1/2)" missing-branches="53"/>
						<line number="53" hits="0"/>
						<line number="57" hits="0" branch="true" condition-coverage="0% (0/2)" missing-branches="51,59"/>
						<line number="59" hits="0"/>
						<line number="61" hits="0" branch="true" condition-coverage="0% (0/2)" missing-branches="51,63"/>
						<line number="63" hits="0"/>
						<line number="67" hits="1"/>
						<line number="70" hits="1"/>
						<line number="76" hits="1"/>
						<line number="78" hits="1"/>
						<line number="80" hits="1"/>
						<line number="84" hits="0"/>
						<line number="89" hits="0" branch="true" condition-coverage="0% (0/2)" missing-branches="93,113"/>
						<line number="93" hits="0"/>
						<line number="98" hits="0" branch="true" condition-coverage="0% (0/2)" missing-branches="89,104"/>
						<line number="104" hits="0"/>
						<line number="108" hits="1"/>
						<line number="110" hits="1"/>
						<line number="113" hits="0"/>
						<line number="116" hits="1"/>
						<line number="124" hits="0"/>
						<line number="126" hits="0"/>
						<line number="130" hits="0"/>
						<line number="136" hits="0"/>
						<line number="138" hits="0"/>
					</lines>
				</class>
				<class name="loader.py" filename="core/discovery/loader.py" complexity="0" line-rate="0.7692" branch-rate="0.5">
					<methods/>
					<lines>
						<line number="11" hits="1"/>
						<line number="13" hits="1"/>
						<line number="14" hits="1"/>
						<line number="17" hits="1"/>
						<line number="23" hits="1"/>
						<line number="31" hits="1"/>
						<line number="33" hits="1"/>
						<line number="48" hits="1"/>
						<line number="50" hits="1" branch="true" condition-coverage="50% (1/2)" missing-branches="52"/>
						<line number="52" hits="0"/>
						<line number="54" hits="0"/>
						<line number="56" hits="0"/>
						<line number="58" hits="1"/>
					</lines>
				</class>
				<class name="manifest.py" filename="core/discovery/manifest.py" complexity="0" line-rate="0.6129" branch-rate="0">
					<methods/>
					<lines>
						<line number="11" hits="1"/>
						<line number="12" hits="1"/>
						<line number="14" hits="1"/>
						<line number="17" hits="1"/>
						<line number="18" hits="1"/>
						<line number="23" hits="1"/>
						<line number="25" hits="1"/>
						<line number="27" hits="1"/>
						<line number="29" hits="1"/>
						<line number="31" hits="1"/>
						<line number="33" hits="1"/>
						<line number="35" hits="1"/>
						<line number="39" hits="1"/>
						<line number="41" hits="1"/>
						<line number="46" hits="1"/>
						<line number="57" hits="0" branch="true" condition-coverage="0% (0/2)" missing-branches="58,62"/>
						<line number="58" hits="0"/>
						<line number="62" hits="0" branch="true" condition-coverage="0% (0/2)" missing-branches="63,67"/>
						<line number="63" hits="0"/>
						<line number="67" hits="0" branch="true" condition-coverage="0% (0/2)" missing-branches="71,75"/>
						<line number="71" hits="0"/>
						<line number="75" hits="0" branch="true" condition-coverage="0% (0/2)" missing-branches="79,84"/>
						<line number="79" hits="0"/>
						<line number="84" hits="0"/>
						<line number="87" hits="1"/>
						<line number="88" hits="1"/>
						<line number="93" hits="0"/>
						<line number="96" hits="1"/>
						<line number="101" hits="0"/>
						<line number="104" hits="1"/>
						<line number="110" hits="0"/>
					</lines>
				</class>
				<class name="validator.py" filename="core/discovery/validator.py" complexity="0" line-rate="0.4103" branch-rate="0.125">
					<methods/>
					<lines>
						<line number="11" hits="1"/>
						<line number="13" hits="1"/>
						<line number="16" hits="1"/>
						<line number="22" hits="1"/>
						<line number="34" hits="1"/>
						<line number="36" hits="1"/>
						<line number="42" hits="1"/>
						<line number="53" hits="1" branch="true" condition-coverage="50% (1/2)" missing-branches="55"/>
						<line number="55" hits="0"/>
						<line number="60" hits="1"/>
						<line number="63" hits="1"/>
						<line number="72" hits="0"/>
						<line number="74" hits="0" branch="true" condition-coverage="0% (0/2)" missing-branches="76,88"/>
						<line number="76" hits="0"/>
						<line number="82" hits="0"/>
						<line number="88" hits="0"/>
						<line number="93" hits="0" branch="true" condition-coverage="0% (0/2)" missing-branches="exit,95"/>
						<line number="95" hits="0"/>
						<line number="100" hits="0" branch="true" condition-coverage="0% (0/2)" missing-branches="102,109"/>
						<line number="102" hits="0"/>
						<line number="109" hits="0"/>
						<line number="116" hits="0" branch="true" condition-coverage="0% (0/2)" missing-branches="118,125"/>
						<line number="118" hits="0"/>
						<line number="125" hits="0"/>
						<line number="131" hits="1"/>
						<line number="139" hits="1"/>
						<line number="141" hits="1"/>
						<line number="144" hits="1"/>
						<line number="148" hits="0"/>
						<line number="152" hits="0" branch="true" condition-coverage="0% (0/2)" missing-branches="153,156"/>
						<line number="153" hits="0"/>
						<line number="156" hits="0" branch="true" condition-coverage="0% (0/2)" missing-branches="160,171"/>
						<line number="160" hits="0"/>
						<line number="166" hits="0"/>
						<line number="171" hits="0"/>
						<line number="175" hits="0"/>
						<line number="180" hits="1" branch="true" condition-coverage="50% (1/2)" missing-branches="182"/>
						<line number="182" hits="0"/>
						<line number="187" hits="1"/>
					</lines>
				</class>
			</classes>
		</package>
		<package name="core.modules" line-rate="0.5176" branch-rate="0" complexity="0">
			<classes>
				<class name="__init__.py" filename="core/modules/__init__.py" complexity="0" line-rate="1" branch-rate="1">
					<methods/>
					<lines>
						<line number="10" hits="1"/>
						<line number="14" hits="1"/>
						<line number="18" hits="1"/>
						<line number="22" hits="1"/>
						<line number="26" hits="1"/>
						<line number="37" hits="1"/>
					</lines>
				</class>
				<class name="base.py" filename="core/modules/base.py" complexity="0" line-rate="0.381" branch-rate="0">
					<methods/>
					<lines>
						<line number="11" hits="1"/>
						<line number="13" hits="1"/>
						<line number="15" hits="1"/>
						<line number="21" hits="1"/>
						<line number="25" hits="1"/>
						<line number="31" hits="1"/>
						<line number="37" hits="1"/>
						<line number="43" hits="1"/>
						<line number="48" hits="0"/>
						<line number="50" hits="0"/>
						<line number="54" hits="0"/>
						<line number="58" hits="0"/>
						<line number="62" hits="0"/>
						<line number="66" hits="0"/>
						<line number="70" hits="0"/>
						<line number="74" hits="1"/>
						<line number="75" hits="1"/>
						<line number="86" hits="1"/>
						<line number="96" hits="0"/>
						<line number="100" hits="1"/>
						<line number="108" hits="0"/>
						<line number="112" hits="1"/>
						<line number="120" hits="0"/>
						<line number="124" hits="1"/>
						<line number="132" hits="0"/>
						<line number="134" hits="1"/>
						<line number="142" hits="0"/>
						<line number="146" hits="1"/>
						<line number="154" hits="0"/>
						<line number="156" hits="0"/>
						<line number="158" hits="0"/>
						<line number="160" hits="0"/>
						<line number="162" hits="0"/>
						<line number="164" hits="0"/>
						<line number="166" hits="0"/>
						<line number="168" hits="0"/>
						<line number="172" hits="1"/>
						<line number="180" hits="0"/>
						<line number="184" hits="1"/>
						<line number="193" hits="0" branch="true" condition-coverage="0% (0/2)" missing-branches="exit,195"/>
						<line number="195" hits="0" branch="true" condition-coverage="0% (0/2)" missing-branches="199,202"/>
						<line number="199" hits="0"/>
						<line number="202" hits="0"/>
						<line number="207" hits="0" branch="true" condition-coverage="0% (0/2)" missing-branches="193,209"/>
						<line number="209" hits="0"/>
						<line number="219" hits="1"/>
						<line number="227" hits="0" branch="true" condition-coverage="0% (0/2)" missing-branches="229,235"/>
						<line number="229" hits="0" branch="true" condition-coverage="0% (0/2)" missing-branches="227,233"/>
						<line number="233" hits="0"/>
						<line number="235" hits="0"/>
						<line number="239" hits="1"/>
						<line number="244" hits="0" branch="true" condition-coverage="0% (0/2)" missing-branches="246,257"/>
						<line number="246" hits="0" branch="true" condition-coverage="0% (0/2)" missing-branches="250,253"/>
						<line number="250" hits="0"/>
						<line number="253" hits="0"/>
						<line number="257" hits="0"/>
						<line number="261" hits="1"/>
						<line number="268" hits="0"/>
						<line number="272" hits="1"/>
						<line number="280" hits="0"/>
						<line number="284" hits="1"/>
						<line number="292" hits="0" branch="true" condition-coverage="0% (0/2)" missing-branches="exit,294"/>
						<line number="294" hits="0" branch="true" condition-coverage="0% (0/2)" missing-branches="298,301"/>
						<line number="298" hits="0"/>
						<line number="301" hits="0"/>
						<line number="305" hits="0"/>
						<line number="309" hits="1"/>
						<line number="316" hits="0"/>
						<line number="320" hits="1"/>
						<line number="327" hits="0"/>
						<line number="331" hits="1"/>
						<line number="336" hits="0"/>
						<line number="342" hits="1"/>
						<line number="347" hits="0"/>
						<line number="353" hits="1"/>
						<line number="358" hits="0"/>
						<line number="364" hits="1"/>
						<line number="369" hits="0"/>
						<line number="373" hits="1"/>
						<line number="378" hits="0"/>
						<line number="384" hits="1"/>
						<line number="389" hits="0"/>
						<line number="393" hits="1"/>
						<line number="398" hits="0"/>
					</lines>
				</class>
				<class name="exceptions.py" filename="core/modules/exceptions.py" complexity="0" line-rate="1" branch-rate="1">
					<methods/>
					<lines>
						<line number="11" hits="1"/>
						<line number="16" hits="1"/>
						<line number="19" hits="1"/>
						<line number="24" hits="1"/>
						<line number="27" hits="1"/>
						<line number="32" hits="1"/>
						<line number="35" hits="1"/>
						<line number="40" hits="1"/>
						<line number="43" hits="1"/>
						<line number="48" hits="1"/>
						<line number="51" hits="1"/>
						<line number="56" hits="1"/>
						<line number="59" hits="1"/>
						<line number="64" hits="1"/>
					</lines>
				</class>
				<class name="manager.py" filename="core/modules/manager.py" complexity="0" line-rate="0.4839" branch-rate="0">
					<methods/>
					<lines>
						<line number="11" hits="1"/>
						<line number="13" hits="1"/>
						<line number="15" hits="1"/>
						<line number="17" hits="1"/>
						<line number="21" hits="1"/>
						<line number="27" hits="1"/>
						<line number="32" hits="1"/>
						<line number="37" hits="1"/>
						<line number="40" hits="1"/>
						<line number="48" hits="0"/>
						<line number="50" hits="0"/>
						<line number="52" hits="0"/>
						<line number="54" hits="0"/>
						<line number="58" hits="0"/>
						<line number="63" hits="1"/>
						<line number="71" hits="0" branch="true" condition-coverage="0% (0/2)" missing-branches="exit,73"/>
						<line number="73" hits="0"/>
						<line number="78" hits="1"/>
						<line number="86" hits="0" branch="true" condition-coverage="0% (0/2)" missing-branches="exit,90"/>
						<line number="90" hits="0"/>
						<line number="92" hits="0"/>
						<line number="96" hits="0"/>
						<line number="98" hits="0"/>
						<line number="105" hits="1"/>
						<line number="113" hits="0"/>
						<line number="118" hits="1"/>
						<line number="125" hits="0"/>
						<line number="128" hits="1"/>
						<line number="135" hits="0"/>
						<line number="138" hits="1"/>
						<line number="147" hits="0"/>
					</lines>
				</class>
				<class name="metadata.py" filename="core/modules/metadata.py" complexity="0" line-rate="0.7" branch-rate="0">
					<methods/>
					<lines>
						<line number="11" hits="1"/>
						<line number="12" hits="1"/>
						<line number="15" hits="1"/>
						<line number="16" hits="1"/>
						<line number="22" hits="1"/>
						<line number="24" hits="1"/>
						<line number="26" hits="1"/>
						<line number="28" hits="1"/>
						<line number="30" hits="1"/>
						<line number="32" hits="1"/>
						<line number="34" hits="1"/>
						<line number="36" hits="1"/>
						<line number="38" hits="1"/>
						<line number="42" hits="1"/>
						<line number="46" hits="1"/>
						<line number="48" hits="1"/>
						<line number="50" hits="1"/>
						<line number="53" hits="1"/>
						<line number="62" hits="0" branch="true" condition-coverage="0% (0/2)" missing-branches="63,67"/>
						<line number="63" hits="0"/>
						<line number="67" hits="0" branch="true" condition-coverage="0% (0/2)" missing-branches="68,72"/>
						<line number="68" hits="0"/>
						<line number="72" hits="0" branch="true" condition-coverage="0% (0/2)" missing-branches="73,77"/>
						<line number="73" hits="0"/>
						<line number="77" hits="0"/>
						<line number="80" hits="1"/>
						<line number="81" hits="1"/>
						<line number="86" hits="0"/>
						<line number="89" hits="1"/>
						<line number="100" hits="0"/>
					</lines>
				</class>
				<class name="registry.py" filename="core/modules/registry.py" complexity="0" line-rate="0.4412" branch-rate="0">
					<methods/>
					<lines>
						<line number="11" hits="1"/>
						<line number="13" hits="1"/>
						<line number="15" hits="1"/>
						<line number="21" hits="1"/>
						<line number="26" hits="1"/>
						<line number="31" hits="1"/>
						<line number="34" hits="1"/>
						<line number="45" hits="0"/>
						<line number="49" hits="0" branch="true" condition-coverage="0% (0/2)" missing-branches="50,55"/>
						<line number="50" hits="0"/>
						<line number="55" hits="0"/>
						<line number="58" hits="1"/>
						<line number="66" hits="0"/>
						<line number="68" hits="0" branch="true" condition-coverage="0% (0/2)" missing-branches="69,74"/>
						<line number="69" hits="0"/>
						<line number="74" hits="0"/>
						<line number="77" hits="1"/>
						<line number="85" hits="0"/>
						<line number="87" hits="0"/>
						<line number="91" hits="0" branch="true" condition-coverage="0% (0/2)" missing-branches="92,97"/>
						<line number="92" hits="0"/>
						<line number="97" hits="0"/>
						<line number="100" hits="1"/>
						<line number="108" hits="0"/>
						<line number="114" hits="1"/>
						<line number="121" hits="0"/>
						<line number="126" hits="1"/>
						<line number="133" hits="0"/>
						<line number="140" hits="1"/>
						<line number="147" hits="0"/>
						<line number="152" hits="1"/>
						<line number="161" hits="0"/>
						<line number="164" hits="1"/>
						<line number="171" hits="0"/>
					</lines>
				</class>
			</classes>
		</package>
		<package name="core.security" line-rate="0.6267" branch-rate="0" complexity="0">
			<classes>
				<class name="__init__.py" filename="core/security/__init__.py" complexity="0" line-rate="1" branch-rate="1">
					<methods/>
					<lines>
						<line number="14" hits="1"/>
						<line number="27" hits="1"/>
						<line number="32" hits="1"/>
						<line number="42" hits="1"/>
						<line number="51" hits="1"/>
						<line number="56" hits="1"/>
						<line number="62" hits="1"/>
						<line number="67" hits="1"/>
						<line number="77" hits="1"/>
						<line number="82" hits="1"/>
						<line number="88" hits="1"/>
						<line number="99" hits="1"/>
						<line number="103" hits="1"/>
						<line number="112" hits="1"/>
						<line number="121" hits="1"/>
						<line number="130" hits="1"/>
						<line number="136" hits="1"/>
					</lines>
				</class>
				<class name="assignment.py" filename="core/security/assignment.py" complexity="0" line-rate="0.4737" branch-rate="0">
					<methods/>
					<lines>
						<line number="10" hits="1"/>
						<line number="12" hits="1"/>
						<line number="16" hits="1"/>
						<line number="23" hits="1"/>
						<line number="31" hits="0" branch="true" condition-coverage="0% (0/2)" missing-branches="35,40"/>
						<line number="35" hits="0"/>
						<line number="40" hits="0"/>
						<line number="44" hits="1"/>
						<line number="52" hits="0" branch="true" condition-coverage="0% (0/2)" missing-branches="56,61"/>
						<line number="56" hits="0"/>
						<line number="61" hits="0"/>
						<line number="67" hits="1"/>
						<line number="75" hits="0"/>
						<line number="81" hits="1"/>
						<line number="89" hits="0"/>
						<line number="95" hits="1"/>
						<line number="100" hits="0"/>
						<line number="104" hits="1"/>
						<line number="109" hits="0"/>
					</lines>
				</class>
				<class name="audit.py" filename="core/security/audit.py" complexity="0" line-rate="0.7727" branch-rate="0">
					<methods/>
					<lines>
						<line number="10" hits="1"/>
						<line number="12" hits="1"/>
						<line number="14" hits="1"/>
						<line number="18" hits="1"/>
						<line number="19" hits="1"/>
						<line number="28" hits="1"/>
						<line number="30" hits="1"/>
						<line number="32" hits="1"/>
						<line number="34" hits="1"/>
						<line number="36" hits="1"/>
						<line number="38" hits="1"/>
						<line number="40" hits="1"/>
						<line number="47" hits="1"/>
						<line number="56" hits="1"/>
						<line number="61" hits="0" branch="true" condition-coverage="0% (0/2)" missing-branches="exit,63"/>
						<line number="63" hits="0"/>
						<line number="69" hits="1"/>
						<line number="74" hits="0"/>
						<line number="81" hits="1"/>
						<line number="86" hits="0"/>
						<line number="93" hits="1"/>
						<line number="98" hits="0"/>
					</lines>
				</class>
				<class name="audit_registry.py" filename="core/security/audit_registry.py" complexity="0" line-rate="0.4194" branch-rate="0">
					<methods/>
					<lines>
						<line number="10" hits="1"/>
						<line number="13" hits="1"/>
						<line number="19" hits="1"/>
						<line number="26" hits="1"/>
						<line number="31" hits="1"/>
						<line number="37" hits="1"/>
						<line number="45" hits="0" branch="true" condition-coverage="0% (0/2)" missing-branches="49,54"/>
						<line number="49" hits="0"/>
						<line number="54" hits="0"/>
						<line number="60" hits="1"/>
						<line number="65" hits="0"/>
						<line number="71" hits="1"/>
						<line number="81" hits="0"/>
						<line number="84" hits="0" branch="true" condition-coverage="0% (0/2)" missing-branches="86,95"/>
						<line number="86" hits="0"/>
						<line number="95" hits="0" branch="true" condition-coverage="0% (0/2)" missing-branches="97,106"/>
						<line number="97" hits="0"/>
						<line number="106" hits="0" branch="true" condition-coverage="0% (0/2)" missing-branches="108,117"/>
						<line number="108" hits="0"/>
						<line number="117" hits="0"/>
						<line number="121" hits="1"/>
						<line number="128" hits="0" branch="true" condition-coverage="0% (0/2)" missing-branches="130,133"/>
						<line number="130" hits="0"/>
						<line number="133" hits="0"/>
						<line number="137" hits="1"/>
						<line number="142" hits="0"/>
						<line number="148" hits="1"/>
						<line number="153" hits="0"/>
						<line number="157" hits="1"/>
						<line number="162" hits="0"/>
						<line number="171" hits="1"/>
					</lines>
				</class>
				<class name="authorization.py" filename="core/security/authorization.py" complexity="0" line-rate="0.3939" branch-rate="0">
					<methods/>
					<lines>
						<line number="13" hits="1"/>
						<line number="15" hits="1"/>
						<line number="19" hits="1"/>
						<line number="23" hits="1"/>
						<line number="27" hits="1"/>
						<line number="33" hits="1"/>
						<line number="40" hits="1"/>
						<line number="49" hits="0" branch="true" condition-coverage="0% (0/2)" missing-branches="54,59"/>
						<line number="54" hits="0"/>
						<line number="59" hits="0"/>
						<line number="63" hits="1"/>
						<line number="73" hits="0" branch="true" condition-coverage="0% (0/2)" missing-branches="75,78"/>
						<line number="75" hits="0"/>
						<line number="78" hits="0"/>
						<line number="87" hits="0"/>
						<line number="95" hits="1"/>
						<line number="107" hits="0"/>
						<line number="120" hits="1"/>
						<line number="136" hits="0" branch="true" condition-coverage="0% (0/2)" missing-branches="141,156"/>
						<line number="141" hits="0"/>
						<line number="152" hits="0"/>
						<line number="156" hits="0" branch="true" condition-coverage="0% (0/2)" missing-branches="162,177"/>
						<line number="162" hits="0"/>
						<line number="173" hits="0"/>
						<line number="177" hits="0"/>
						<line number="189" hits="0"/>
						<line number="193" hits="1"/>
						<line number="204" hits="0" branch="true" condition-coverage="0% (0/2)" missing-branches="211,216"/>
						<line number="211" hits="0"/>
						<line number="216" hits="0"/>
						<line number="220" hits="1"/>
						<line number="225" hits="0"/>
						<line number="233" hits="1"/>
					</lines>
				</class>
				<class name="compliance.py" filename="core/security/compliance.py" complexity="0" line-rate="0.6522" branch-rate="0">
					<methods/>
					<lines>
						<line number="10" hits="1"/>
						<line number="12" hits="1"/>
						<line number="16" hits="1"/>
						<line number="17" hits="1"/>
						<line number="26" hits="1"/>
						<line number="28" hits="1"/>
						<line number="30" hits="1"/>
						<line number="32" hits="1"/>
						<line number="34" hits="1"/>
						<line number="36" hits="1"/>
						<line number="45" hits="1"/>
						<line number="50" hits="0" branch="true" condition-coverage="0% (0/2)" missing-branches="52,57"/>
						<line number="52" hits="0"/>
						<line number="57" hits="0" branch="true" condition-coverage="0% (0/2)" missing-branches="exit,59"/>
						<line number="59" hits="0"/>
						<line number="65" hits="1"/>
						<line number="70" hits="0"/>
						<line number="74" hits="1"/>
						<line number="79" hits="0"/>
						<line number="83" hits="1"/>
						<line number="88" hits="0"/>
						<line number="92" hits="1"/>
						<line number="97" hits="0"/>
					</lines>
				</class>
				<class name="compliance_registry.py" filename="core/security/compliance_registry.py" complexity="0" line-rate="0.5714" branch-rate="0">
					<methods/>
					<lines>
						<line number="9" hits="1"/>
						<line number="14" hits="1"/>
						<line number="19" hits="1"/>
						<line number="24" hits="1"/>
						<line number="26" hits="1"/>
						<line number="34" hits="0" branch="true" condition-coverage="0% (0/2)" missing-branches="38,42"/>
						<line number="38" hits="0"/>
						<line number="42" hits="0"/>
						<line number="46" hits="1"/>
						<line number="54" hits="0"/>
						<line number="58" hits="1"/>
						<line number="66" hits="0"/>
						<line number="70" hits="1"/>
						<line number="75" hits="0"/>
						<line number="79" hits="1"/>
						<line number="84" hits="0"/>
						<line number="88" hits="1"/>
						<line number="93" hits="0"/>
						<line number="95" hits="1"/>
						<line number="100" hits="0"/>
						<line number="108" hits="1"/>
					</lines>
				</class>
				<class name="evaluator.py" filename="core/security/evaluator.py" complexity="0" line-rate="0.64" branch-rate="0">
					<methods/>
					<lines>
						<line number="10" hits="1"/>
						<line number="12" hits="1"/>
						<line number="15" hits="1"/>
						<line number="21" hits="1"/>
						<line number="22" hits="1"/>
						<line number="27" hits="1"/>
						<line number="29" hits="1"/>
						<line number="31" hits="1"/>
						<line number="33" hits="1"/>
						<line number="42" hits="1"/>
						<line number="47" hits="0"/>
						<line number="51" hits="1"/>
						<line number="58" hits="1"/>
						<line number="76" hits="0" branch="true" condition-coverage="0% (0/2)" missing-branches="80,85"/>
						<line number="80" hits="0"/>
						<line number="85" hits="0" branch="true" condition-coverage="0% (0/2)" missing-branches="87,96"/>
						<line number="87" hits="0"/>
						<line number="96" hits="0"/>
						<line number="106" hits="1"/>
						<line number="116" hits="0"/>
						<line number="128" hits="1"/>
						<line number="136" hits="0"/>
						<line number="144" hits="1"/>
						<line number="149" hits="0"/>
						<line number="157" hits="1"/>
					</lines>
				</class>
				<class name="exceptions.py" filename="core/security/exceptions.py" complexity="0" line-rate="1" branch-rate="1">
					<methods/>
					<lines>
						<line number="10" hits="1"/>
						<line number="15" hits="1"/>
						<line number="19" hits="1"/>
						<line number="24" hits="1"/>
						<line number="28" hits="1"/>
						<line number="33" hits="1"/>
						<line number="37" hits="1"/>
						<line number="42" hits="1"/>
						<line number="46" hits="1"/>
						<line number="51" hits="1"/>
					</lines>
				</class>
				<class name="governance.py" filename="core/security/governance.py" complexity="0" line-rate="0.8571" branch-rate="1">
					<methods/>
					<lines>
						<line number="9" hits="1"/>
						<line number="13" hits="1"/>
						<line number="17" hits="1"/>
						<line number="21" hits="1"/>
						<line number="25" hits="1"/>
						<line number="29" hits="1"/>
						<line number="34" hits="1"/>
						<line number="40" hits="1"/>
						<line number="45" hits="1"/>
						<line number="46" hits="1"/>
						<line number="47" hits="1"/>
						<line number="48" hits="1"/>
						<line number="49" hits="1"/>
						<line number="50" hits="1"/>
						<line number="52" hits="1"/>
						<line number="57" hits="0"/>
						<line number="66" hits="1"/>
						<line number="71" hits="0"/>
						<line number="73" hits="1"/>
						<line number="78" hits="0"/>
						<line number="85" hits="1"/>
					</lines>
				</class>
				<class name="module.py" filename="core/security/module.py" complexity="0" line-rate="0.6" branch-rate="1">
					<methods/>
					<lines>
						<line number="10" hits="1"/>
						<line number="14" hits="1"/>
						<line number="22" hits="1"/>
						<line number="34" hits="0"/>
						<line number="41" hits="0"/>
					</lines>
				</class>
				<class name="permissions.py" filename="core/security/permissions.py" complexity="0" line-rate="0.7857" branch-rate="0">
					<methods/>
					<lines>
						<line number="10" hits="1"/>
						<line number="13" hits="1"/>
						<line number="14" hits="1"/>
						<line number="22" hits="1"/>
						<line number="24" hits="1"/>
						<line number="26" hits="1"/>
						<line number="28" hits="1"/>
						<line number="30" hits="1"/>
						<line number="32" hits="1"/>
						<line number="35" hits="1"/>
						<line number="40" hits="0" branch="true" condition-coverage="0% (0/2)" missing-branches="exit,42"/>
						<line number="42" hits="0"/>
						<line number="47" hits="1"/>
						<line number="52" hits="0"/>
					</lines>
				</class>
				<class name="policies.py" filename="core/security/policies.py" complexity="0" line-rate="0.6522" branch-rate="0">
					<methods/>
					<lines>
						<line number="10" hits="1"/>
						<line number="12" hits="1"/>
						<line number="16" hits="1"/>
						<line number="17" hits="1"/>
						<line number="27" hits="1"/>
						<line number="29" hits="1"/>
						<line number="31" hits="1"/>
						<line number="33" hits="1"/>
						<line number="35" hits="1"/>
						<line number="38" hits="1"/>
						<line number="47" hits="1"/>
						<line number="52" hits="0" branch="true" condition-coverage="0% (0/2)" missing-branches="54,59"/>
						<line number="54" hits="0"/>
						<line number="59" hits="0" branch="true" condition-coverage="0% (0/2)" missing-branches="exit,61"/>
						<line number="61" hits="0"/>
						<line number="67" hits="1"/>
						<line number="72" hits="0"/>
						<line number="76" hits="1"/>
						<line number="81" hits="0"/>
						<line number="85" hits="1"/>
						<line number="90" hits="0"/>
						<line number="94" hits="1"/>
						<line number="99" hits="0"/>
					</lines>
				</class>
				<class name="policy_registry.py" filename="core/security/policy_registry.py" complexity="0" line-rate="0.5833" branch-rate="0">
					<methods/>
					<lines>
						<line number="10" hits="1"/>
						<line number="12" hits="1"/>
						<line number="18" hits="1"/>
						<line number="25" hits="1"/>
						<line number="30" hits="1"/>
						<line number="37" hits="1"/>
						<line number="45" hits="0" branch="true" condition-coverage="0% (0/2)" missing-branches="49,54"/>
						<line number="49" hits="0"/>
						<line number="54" hits="0"/>
						<line number="60" hits="1"/>
						<line number="68" hits="0"/>
						<line number="74" hits="1"/>
						<line number="82" hits="0"/>
						<line number="89" hits="1"/>
						<line number="94" hits="0"/>
						<line number="100" hits="1"/>
						<line number="105" hits="0"/>
						<line number="114" hits="1"/>
						<line number="119" hits="0"/>
						<line number="125" hits="1"/>
						<line number="130" hits="0"/>
						<line number="134" hits="1"/>
						<line number="139" hits="0"/>
						<line number="148" hits="1"/>
					</lines>
				</class>
				<class name="registry.py" filename="core/security/registry.py" complexity="0" line-rate="0.5909" branch-rate="0">
					<methods/>
					<lines>
						<line number="10" hits="1"/>
						<line number="12" hits="1"/>
						<line number="15" hits="1"/>
						<line number="21" hits="1"/>
						<line number="26" hits="1"/>
						<line number="33" hits="1"/>
						<line number="41" hits="0" branch="true" condition-coverage="0% (0/2)" missing-branches="45,50"/>
						<line number="45" hits="0"/>
						<line number="50" hits="0"/>
						<line number="56" hits="1"/>
						<line number="64" hits="0"/>
						<line number="70" hits="1"/>
						<line number="78" hits="0"/>
						<line number="85" hits="1"/>
						<line number="90" hits="0"/>
						<line number="96" hits="1"/>
						<line number="101" hits="0"/>
						<line number="107" hits="1"/>
						<line number="112" hits="0"/>
						<line number="116" hits="1"/>
						<line number="121" hits="0"/>
						<line number="130" hits="1"/>
					</lines>
				</class>
				<class name="role_registry.py" filename="core/security/role_registry.py" complexity="0" line-rate="0.5909" branch-rate="0">
					<methods/>
					<lines>
						<line number="10" hits="1"/>
						<line number="12" hits="1"/>
						<line number="16" hits="1"/>
						<line number="23" hits="1"/>
						<line number="28" hits="1"/>
						<line number="35" hits="1"/>
						<line number="43" hits="0" branch="true" condition-coverage="0% (0/2)" missing-branches="47,52"/>
						<line number="47" hits="0"/>
						<line number="52" hits="0"/>
						<line number="58" hits="1"/>
						<line number="66" hits="0"/>
						<line number="72" hits="1"/>
						<line number="80" hits="0"/>
						<line number="87" hits="1"/>
						<line number="92" hits="0"/>
						<line number="98" hits="1"/>
						<line number="103" hits="0"/>
						<line number="109" hits="1"/>
						<line number="114" hits="0"/>
						<line number="118" hits="1"/>
						<line number="123" hits="0"/>
						<line number="132" hits="1"/>
					</lines>
				</class>
				<class name="roles.py" filename="core/security/roles.py" complexity="0" line-rate="0.5926" branch-rate="0">
					<methods/>
					<lines>
						<line number="10" hits="1"/>
						<line number="12" hits="1"/>
						<line number="14" hits="1"/>
						<line number="18" hits="1"/>
						<line number="19" hits="1"/>
						<line number="28" hits="1"/>
						<line number="30" hits="1"/>
						<line number="32" hits="1"/>
						<line number="34" hits="1"/>
						<line number="37" hits="1"/>
						<line number="45" hits="1"/>
						<line number="50" hits="0" branch="true" condition-coverage="0% (0/2)" missing-branches="52,57"/>
						<line number="52" hits="0"/>
						<line number="57" hits="0" branch="true" condition-coverage="0% (0/2)" missing-branches="exit,59"/>
						<line number="59" hits="0"/>
						<line number="65" hits="1"/>
						<line number="73" hits="0" branch="true" condition-coverage="0% (0/2)" missing-branches="77,82"/>
						<line number="77" hits="0"/>
						<line number="82" hits="0"/>
						<line number="88" hits="1"/>
						<line number="96" hits="0"/>
						<line number="102" hits="1"/>
						<line number="110" hits="0"/>
						<line number="118" hits="1"/>
						<line number="123" hits="0"/>
						<line number="131" hits="1"/>
						<line number="136" hits="0"/>
					</lines>
				</class>
			</classes>
		</package>
		<package name="core.services" line-rate="0.7176" branch-rate="1" complexity="0">
			<classes>
				<class name="__init__.py" filename="core/services/__init__.py" complexity="0" line-rate="1" branch-rate="1">
					<methods/>
					<lines>
						<line number="14" hits="1"/>
						<line number="23" hits="1"/>
						<line number="36" hits="1"/>
						<line number="47" hits="1"/>
						<line number="53" hits="1"/>
					</lines>
				</class>
				<class name="base.py" filename="core/services/base.py" complexity="0" line-rate="0.5769" branch-rate="1">
					<methods/>
					<lines>
						<line number="10" hits="1"/>
						<line number="13" hits="1"/>
						<line number="20" hits="1"/>
						<line number="25" hits="1"/>
						<line number="30" hits="1"/>
						<line number="37" hits="1"/>
						<line number="49" hits="1"/>
						<line number="59" hits="0"/>
						<line number="63" hits="1"/>
						<line number="71" hits="0"/>
						<line number="77" hits="1"/>
						<line number="84" hits="0"/>
						<line number="88" hits="1"/>
						<line number="99" hits="0"/>
						<line number="103" hits="0"/>
						<line number="109" hits="1"/>
						<line number="117" hits="0"/>
						<line number="121" hits="0"/>
						<line number="127" hits="1"/>
						<line number="135" hits="0"/>
						<line number="141" hits="1"/>
						<line number="151" hits="0"/>
						<line number="155" hits="1"/>
						<line number="165" hits="0"/>
						<line number="169" hits="1"/>
						<line number="181" hits="0"/>
					</lines>
				</class>
				<class name="container.py" filename="core/services/container.py" complexity="0" line-rate="0.7222" branch-rate="1">
					<methods/>
					<lines>
						<line number="10" hits="1"/>
						<line number="13" hits="1"/>
						<line number="20" hits="1"/>
						<line number="29" hits="1"/>
						<line number="36" hits="1"/>
						<line number="43" hits="1"/>
						<line number="52" hits="0"/>
						<line number="56" hits="1"/>
						<line number="64" hits="0"/>
						<line number="70" hits="1"/>
						<line number="78" hits="0"/>
						<line number="82" hits="1"/>
						<line number="90" hits="0"/>
						<line number="97" hits="1"/>
						<line number="104" hits="0"/>
						<line number="108" hits="1"/>
						<line number="115" hits="1"/>
						<line number="121" hits="1"/>
					</lines>
				</class>
				<class name="exceptions.py" filename="core/services/exceptions.py" complexity="0" line-rate="0.7692" branch-rate="1">
					<methods/>
					<lines>
						<line number="10" hits="1"/>
						<line number="18" hits="1"/>
						<line number="23" hits="0"/>
						<line number="27" hits="0"/>
						<line number="29" hits="0"/>
						<line number="33" hits="1"/>
						<line number="40" hits="1"/>
						<line number="44" hits="1"/>
						<line number="52" hits="1"/>
						<line number="56" hits="1"/>
						<line number="64" hits="1"/>
						<line number="68" hits="1"/>
						<line number="76" hits="1"/>
					</lines>
				</class>
				<class name="registry.py" filename="core/services/registry.py" complexity="0" line-rate="0.7826" branch-rate="1">
					<methods/>
					<lines>
						<line number="10" hits="1"/>
						<line number="13" hits="1"/>
						<line number="16" hits="1"/>
						<line number="23" hits="1"/>
						<line number="24" hits="1"/>
						<line number="29" hits="1"/>
						<line number="31" hits="1"/>
						<line number="33" hits="1"/>
						<line number="35" hits="1"/>
						<line number="39" hits="1"/>
						<line number="45" hits="1"/>
						<line number="52" hits="1"/>
						<line number="59" hits="1"/>
						<line number="67" hits="0"/>
						<line number="73" hits="0"/>
						<line number="77" hits="1"/>
						<line number="86" hits="0"/>
						<line number="92" hits="0"/>
						<line number="98" hits="1"/>
						<line number="105" hits="0"/>
						<line number="111" hits="1"/>
						<line number="118" hits="1"/>
						<line number="124" hits="1"/>
					</lines>
				</class>
			</classes>
		</package>
		<package name="core.startup" line-rate="0.9355" branch-rate="0.5" complexity="0">
			<classes>
				<class name="__init__.py" filename="core/startup/__init__.py" complexity="0" line-rate="1" branch-rate="1">
					<methods/>
					<lines>
						<line number="9" hits="1"/>
						<line number="13" hits="1"/>
					</lines>
				</class>
				<class name="modules.py" filename="core/startup/modules.py" complexity="0" line-rate="0.931" branch-rate="0.5">
					<methods/>
					<lines>
						<line number="12" hits="1"/>
						<line number="14" hits="1"/>
						<line number="16" hits="1"/>
						<line number="20" hits="1"/>
						<line number="24" hits="1"/>
						<line number="30" hits="1"/>
						<line number="32" hits="1"/>
						<line number="38" hits="1"/>
						<line number="41" hits="1"/>
						<line number="61" hits="1"/>
						<line number="64" hits="1"/>
						<line number="66" hits="1"/>
						<line number="69" hits="1"/>
						<line number="76" hits="1"/>
						<line number="80" hits="1"/>
						<line number="83" hits="1"/>
						<line number="88" hits="1"/>
						<line number="94" hits="1"/>
						<line number="97" hits="1"/>
						<line number="102" hits="1"/>
						<line number="109" hits="1" branch="true" condition-coverage="50% (1/2)" missing-branches="111"/>
						<line number="111" hits="0"/>
						<line number="116" hits="0"/>
						<line number="120" hits="1"/>
						<line number="126" hits="1"/>
						<line number="133" hits="1"/>
						<line number="142" hits="1"/>
						<line number="147" hits="1"/>
						<line number="152" hits="1"/>
					</lines>
				</class>
			</classes>
		</package>
		<package name="core.validation" line-rate="0.5909" branch-rate="0" complexity="0">
			<classes>
				<class name="__init__.py" filename="core/validation/__init__.py" complexity="0" line-rate="1" branch-rate="1">
					<methods/>
					<lines>
						<line number="13" hits="1"/>
						<line number="23" hits="1"/>
						<line number="29" hits="1"/>
					</lines>
				</class>
				<class name="base.py" filename="core/validation/base.py" complexity="0" line-rate="0.5676" branch-rate="0">
					<methods/>
					<lines>
						<line number="9" hits="1"/>
						<line number="11" hits="1"/>
						<line number="12" hits="1"/>
						<line number="13" hits="1"/>
						<line number="16" hits="1"/>
						<line number="17" hits="1"/>
						<line number="22" hits="1"/>
						<line number="24" hits="1"/>
						<line number="26" hits="1"/>
						<line number="28" hits="1"/>
						<line number="30" hits="1"/>
						<line number="35" hits="0"/>
						<line number="36" hits="0"/>
						<line number="38" hits="1"/>
						<line number="43" hits="0"/>
						<line number="45" hits="1"/>
						<line number="53" hits="0" branch="true" condition-coverage="0% (0/2)" missing-branches="54,56"/>
						<line number="54" hits="0"/>
						<line number="56" hits="0"/>
						<line number="57" hits="0"/>
						<line number="58" hits="0"/>
						<line number="60" hits="1"/>
						<line number="61" hits="1"/>
						<line number="66" hits="0"/>
						<line number="68" hits="1"/>
						<line number="69" hits="1"/>
						<line number="74" hits="0"/>
						<line number="77" hits="1"/>
						<line number="82" hits="1"/>
						<line number="83" hits="1"/>
						<line number="95" hits="1"/>
						<line number="105" hits="0"/>
						<line number="107" hits="0" branch="true" condition-coverage="0% (0/2)" missing-branches="108,110"/>
						<line number="108" hits="0"/>
						<line number="110" hits="0" branch="true" condition-coverage="0% (0/2)" missing-branches="111,115"/>
						<line number="111" hits="0"/>
						<line number="115" hits="0"/>
					</lines>
				</class>
				<class name="rules.py" filename="core/validation/rules.py" complexity="0" line-rate="0.5769" branch-rate="0">
					<methods/>
					<lines>
						<line number="9" hits="1"/>
						<line number="11" hits="1"/>
						<line number="12" hits="1"/>
						<line number="14" hits="1"/>
						<line number="17" hits="1"/>
						<line number="22" hits="1"/>
						<line number="23" hits="1"/>
						<line number="36" hits="1"/>
						<line number="41" hits="1"/>
						<line number="45" hits="0"/>
						<line number="48" hits="1"/>
						<line number="56" hits="0"/>
						<line number="59" hits="1"/>
						<line number="67" hits="0" branch="true" condition-coverage="0% (0/2)" missing-branches="exit,68"/>
						<line number="68" hits="0"/>
						<line number="71" hits="1"/>
						<line number="76" hits="0"/>
						<line number="79" hits="1"/>
						<line number="87" hits="0"/>
						<line number="89" hits="0" branch="true" condition-coverage="0% (0/2)" missing-branches="90,94"/>
						<line number="90" hits="0"/>
						<line number="94" hits="0"/>
						<line number="97" hits="1"/>
						<line number="102" hits="0"/>
						<line number="105" hits="1"/>
						<line number="110" hits="0"/>
					</lines>
				</class>
			</classes>
		</package>
		<package name="core.workflow" line-rate="0.6765" branch-rate="0" complexity="0">
			<classes>
				<class name="__init__.py" filename="core/workflow/__init__.py" complexity="0" line-rate="1" branch-rate="1">
					<methods/>
					<lines>
						<line number="13" hits="1"/>
						<line number="24" hits="1"/>
						<line number="31" hits="1"/>
					</lines>
				</class>
				<class name="base.py" filename="core/workflow/base.py" complexity="0" line-rate="0.6216" branch-rate="0">
					<methods/>
					<lines>
						<line number="9" hits="1"/>
						<line number="11" hits="1"/>
						<line number="12" hits="1"/>
						<line number="13" hits="1"/>
						<line number="16" hits="1"/>
						<line number="17" hits="1"/>
						<line number="22" hits="1"/>
						<line number="24" hits="1"/>
						<line number="27" hits="1"/>
						<line number="28" hits="1"/>
						<line number="33" hits="1"/>
						<line number="35" hits="1"/>
						<line number="37" hits="1"/>
						<line number="39" hits="1"/>
						<line number="44" hits="1"/>
						<line number="49" hits="1"/>
						<line number="50" hits="0"/>
						<line number="51" hits="0"/>
						<line number="56" hits="1"/>
						<line number="64" hits="0"/>
						<line number="67" hits="1"/>
						<line number="75" hits="0"/>
						<line number="80" hits="1"/>
						<line number="88" hits="0"/>
						<line number="91" hits="1"/>
						<line number="96" hits="0"/>
						<line number="101" hits="1"/>
						<line number="108" hits="0"/>
						<line number="113" hits="1"/>
						<line number="122" hits="0"/>
						<line number="129" hits="1"/>
						<line number="138" hits="0" branch="true" condition-coverage="0% (0/2)" missing-branches="142,147"/>
						<line number="142" hits="0"/>
						<line number="147" hits="0"/>
						<line number="149" hits="0" branch="true" condition-coverage="0% (0/2)" missing-branches="150,155"/>
						<line number="150" hits="0"/>
						<line number="155" hits="0"/>
					</lines>
				</class>
				<class name="registry.py" filename="core/workflow/registry.py" complexity="0" line-rate="0.7143" branch-rate="1">
					<methods/>
					<lines>
						<line number="9" hits="1"/>
						<line number="11" hits="1"/>
						<line number="12" hits="1"/>
						<line number="14" hits="1"/>
						<line number="17" hits="1"/>
						<line number="18" hits="1"/>
						<line number="23" hits="1"/>
						<line number="25" hits="1"/>
						<line number="27" hits="1"/>
						<line number="30" hits="1"/>
						<line number="35" hits="1"/>
						<line number="36" hits="1"/>
						<line number="42" hits="1"/>
						<line number="50" hits="0"/>
						<line number="55" hits="0"/>
						<line number="58" hits="1"/>
						<line number="67" hits="0"/>
						<line number="75" hits="1"/>
						<line number="84" hits="0"/>
						<line number="93" hits="1"/>
						<line number="100" hits="0"/>
						<line number="105" hits="1"/>
						<line number="110" hits="0"/>
						<line number="113" hits="1"/>
						<line number="118" hits="0"/>
						<line number="121" hits="1"/>
						<line number="128" hits="0"/>
						<line number="133" hits="1"/>
					</lines>
				</class>
			</classes>
		</package>
		<package name="extensions" line-rate="0.9091" branch-rate="1" complexity="0">
			<classes>
				<class name="__init__.py" filename="extensions/__init__.py" complexity="0" line-rate="1" branch-rate="1">
					<methods/>
					<lines>
						<line number="7" hits="1"/>
						<line number="8" hits="1"/>
						<line number="9" hits="1"/>
						<line number="10" hits="1"/>
						<line number="11" hits="1"/>
						<line number="13" hits="1"/>
					</lines>
				</class>
				<class name="bcrypt.py" filename="extensions/bcrypt.py" complexity="0" line-rate="1" branch-rate="1">
					<methods/>
					<lines>
						<line number="5" hits="1"/>
						<line number="7" hits="1"/>
					</lines>
				</class>
				<class name="csrf.py" filename="extensions/csrf.py" complexity="0" line-rate="1" branch-rate="1">
					<methods/>
					<lines>
						<line number="5" hits="1"/>
						<line number="7" hits="1"/>
					</lines>
				</class>
				<class name="database.py" filename="extensions/database.py" complexity="0" line-rate="1" branch-rate="1">
					<methods/>
					<lines>
						<line number="7" hits="1"/>
						<line number="9" hits="1"/>
					</lines>
				</class>
				<class name="login.py" filename="extensions/login.py" complexity="0" line-rate="0.75" branch-rate="1">
					<methods/>
					<lines>
						<line number="1" hits="1"/>
						<line number="3" hits="1"/>
						<line number="5" hits="1"/>
						<line number="6" hits="1"/>
						<line number="9" hits="1"/>
						<line number="10" hits="1"/>
						<line number="11" hits="0"/>
						<line number="13" hits="0"/>
					</lines>
				</class>
				<class name="migrate.py" filename="extensions/migrate.py" complexity="0" line-rate="1" branch-rate="1">
					<methods/>
					<lines>
						<line number="7" hits="1"/>
						<line number="9" hits="1"/>
					</lines>
				</class>
			</classes>
		</package>
		<package name="logging" line-rate="0" branch-rate="1" complexity="0">
			<classes>
				<class name="__init__.py" filename="logging/__init__.py" complexity="0" line-rate="0" branch-rate="1">
					<methods/>
					<lines>
						<line number="1" hits="0"/>
						<line number="3" hits="0"/>
					</lines>
				</class>
				<class name="logger.py" filename="logging/logger.py" complexity="0" line-rate="0" branch-rate="1">
					<methods/>
					<lines>
						<line number="5" hits="0"/>
						<line number="6" hits="0"/>
						<line number="7" hits="0"/>
						<line number="10" hits="0"/>
						<line number="15" hits="0"/>
						<line number="16" hits="0"/>
						<line number="18" hits="0"/>
						<line number="20" hits="0"/>
						<line number="25" hits="0"/>
						<line number="32" hits="0"/>
						<line number="33" hits="0"/>
						<line number="35" hits="0"/>
						<line number="36" hits="0"/>
						<line number="38" hits="0"/>
					</lines>
				</class>
			</classes>
		</package>
		<package name="models" line-rate="0.7826" branch-rate="0" complexity="0">
			<classes>
				<class name="__init__.py" filename="models/__init__.py" complexity="0" line-rate="1" branch-rate="1">
					<methods/>
					<lines>
						<line number="7" hits="1"/>
						<line number="8" hits="1"/>
						<line number="9" hits="1"/>
						<line number="10" hits="1"/>
						<line number="11" hits="1"/>
						<line number="12" hits="1"/>
						<line number="13" hits="1"/>
						<line number="15" hits="1"/>
					</lines>
				</class>
				<class name="base.py" filename="models/base.py" complexity="0" line-rate="0.7391" branch-rate="1">
					<methods/>
					<lines>
						<line number="7" hits="1"/>
						<line number="8" hits="1"/>
						<line number="10" hits="1"/>
						<line number="11" hits="1"/>
						<line number="13" hits="1"/>
						<line number="19" hits="1"/>
						<line number="27" hits="1"/>
						<line number="30" hits="1"/>
						<line number="35" hits="1"/>
						<line number="37" hits="1"/>
						<line number="39" hits="1"/>
						<line number="45" hits="1"/>
						<line number="52" hits="1"/>
						<line number="53" hits="1"/>
						<line number="61" hits="0"/>
						<line number="63" hits="1"/>
						<line number="67" hits="0"/>
						<line number="68" hits="0"/>
						<line number="70" hits="1"/>
						<line number="74" hits="0"/>
						<line number="75" hits="0"/>
						<line number="77" hits="1"/>
						<line number="81" hits="0"/>
					</lines>
				</class>
				<class name="mixins.py" filename="models/mixins.py" complexity="0" line-rate="0.8" branch-rate="1">
					<methods/>
					<lines>
						<line number="7" hits="1"/>
						<line number="9" hits="1"/>
						<line number="12" hits="1"/>
						<line number="17" hits="1"/>
						<line number="19" hits="1"/>
						<line number="25" hits="1"/>
						<line number="33" hits="1"/>
						<line number="41" hits="1"/>
						<line number="43" hits="1"/>
						<line number="48" hits="1"/>
						<line number="54" hits="1"/>
						<line number="59" hits="1"/>
						<line number="61" hits="1"/>
						<line number="67" hits="1"/>
						<line number="72" hits="1"/>
						<line number="77" hits="0"/>
						<line number="78" hits="0"/>
						<line number="80" hits="1"/>
						<line number="85" hits="0"/>
						<line number="86" hits="0"/>
					</lines>
				</class>
				<class name="permission.py" filename="models/permission.py" complexity="0" line-rate="0.9091" branch-rate="1">
					<methods/>
					<lines>
						<line number="5" hits="1"/>
						<line number="6" hits="1"/>
						<line number="7" hits="1"/>
						<line number="10" hits="1"/>
						<line number="11" hits="1"/>
						<line number="13" hits="1"/>
						<line number="20" hits="1"/>
						<line number="26" hits="1"/>
						<line number="31" hits="1"/>
						<line number="37" hits="1"/>
						<line number="38" hits="0"/>
					</lines>
				</class>
				<class name="role.py" filename="models/role.py" complexity="0" line-rate="0.9167" branch-rate="1">
					<methods/>
					<lines>
						<line number="5" hits="1"/>
						<line number="6" hits="1"/>
						<line number="7" hits="1"/>
						<line number="10" hits="1"/>
						<line number="11" hits="1"/>
						<line number="13" hits="1"/>
						<line number="20" hits="1"/>
						<line number="25" hits="1"/>
						<line number="31" hits="1"/>
						<line number="37" hits="1"/>
						<line number="43" hits="1"/>
						<line number="44" hits="0"/>
					</lines>
				</class>
				<class name="role_permission.py" filename="models/role_permission.py" complexity="0" line-rate="1" branch-rate="1">
					<methods/>
					<lines>
						<line number="5" hits="1"/>
						<line number="6" hits="1"/>
						<line number="9" hits="1"/>
						<line number="10" hits="1"/>
						<line number="12" hits="1"/>
						<line number="18" hits="1"/>
						<line number="24" hits="1"/>
						<line number="29" hits="1"/>
						<line number="34" hits="1"/>
					</lines>
				</class>
				<class name="user.py" filename="models/user.py" complexity="0" line-rate="0.6087" branch-rate="0">
					<methods/>
					<lines>
						<line number="7" hits="1"/>
						<line number="9" hits="1"/>
						<line number="11" hits="1"/>
						<line number="12" hits="1"/>
						<line number="14" hits="1"/>
						<line number="15" hits="1"/>
						<line number="22" hits="1"/>
						<line number="33" hits="1"/>
						<line number="35" hits="1"/>
						<line number="42" hits="1"/>
						<line number="49" hits="1"/>
						<line number="54" hits="1"/>
						<line number="59" hits="1"/>
						<line number="64" hits="1"/>
						<line number="70" hits="1"/>
						<line number="79" hits="1"/>
						<line number="89" hits="1"/>
						<line number="90" hits="1"/>
						<line number="96" hits="1"/>
						<line number="97" hits="1"/>
						<line number="106" hits="1"/>
						<line number="107" hits="1"/>
						<line number="108" hits="1"/>
						<line number="113" hits="1"/>
						<line number="114" hits="0"/>
						<line number="120" hits="1"/>
						<line number="125" hits="0" branch="true" condition-coverage="0% (0/2)" missing-branches="127,130"/>
						<line number="127" hits="0" branch="true" condition-coverage="0% (0/2)" missing-branches="125,128"/>
						<line number="128" hits="0"/>
						<line number="130" hits="0"/>
						<line number="133" hits="1"/>
						<line number="138" hits="0" branch="true" condition-coverage="0% (0/2)" missing-branches="140,152"/>
						<line number="140" hits="0"/>
						<line number="142" hits="0" branch="true" condition-coverage="0% (0/2)" missing-branches="138,144"/>
						<line number="144" hits="0" branch="true" condition-coverage="0% (0/2)" missing-branches="142,150"/>
						<line number="150" hits="0"/>
						<line number="152" hits="0"/>
						<line number="155" hits="1"/>
						<line number="160" hits="0"/>
						<line number="162" hits="0" branch="true" condition-coverage="0% (0/2)" missing-branches="164,172"/>
						<line number="164" hits="0"/>
						<line number="166" hits="0" branch="true" condition-coverage="0% (0/2)" missing-branches="162,168"/>
						<line number="168" hits="0"/>
						<line number="172" hits="0"/>
						<line number="175" hits="1"/>
						<line number="177" hits="0"/>
					</lines>
				</class>
				<class name="user_role.py" filename="models/user_role.py" complexity="0" line-rate="1" branch-rate="1">
					<methods/>
					<lines>
						<line number="5" hits="1"/>
						<line number="6" hits="1"/>
						<line number="9" hits="1"/>
						<line number="10" hits="1"/>
						<line number="12" hits="1"/>
						<line number="18" hits="1"/>
						<line number="24" hits="1"/>
						<line number="29" hits="1"/>
						<line number="34" hits="1"/>
					</lines>
				</class>
			</classes>
		</package>
		<package name="navigation" line-rate="1" branch-rate="1" complexity="0">
			<classes>
				<class name="menu.py" filename="navigation/menu.py" complexity="0" line-rate="1" branch-rate="1">
					<methods/>
					<lines>
						<line number="5" hits="1"/>
					</lines>
				</class>
			</classes>
		</package>
		<package name="security" line-rate="0.4706" branch-rate="0" complexity="0">
			<classes>
				<class name="authorization.py" filename="security/authorization.py" complexity="0" line-rate="0.5" branch-rate="0">
					<methods/>
					<lines>
						<line number="7" hits="1"/>
						<line number="10" hits="1"/>
						<line number="15" hits="1"/>
						<line number="16" hits="1"/>
						<line number="17" hits="0"/>
						<line number="19" hits="1"/>
						<line number="20" hits="1"/>
						<line number="21" hits="0" branch="true" condition-coverage="0% (0/2)" missing-branches="22,24"/>
						<line number="22" hits="0"/>
						<line number="24" hits="0"/>
						<line number="26" hits="1"/>
						<line number="27" hits="1"/>
						<line number="28" hits="0" branch="true" condition-coverage="0% (0/2)" missing-branches="29,31"/>
						<line number="29" hits="0"/>
						<line number="31" hits="0"/>
						<line number="33" hits="1"/>
						<line number="34" hits="1"/>
						<line number="35" hits="0" branch="true" condition-coverage="0% (0/2)" missing-branches="36,38"/>
						<line number="36" hits="0"/>
						<line number="38" hits="0"/>
					</lines>
				</class>
				<class name="decorators.py" filename="security/decorators.py" complexity="0" line-rate="0.2973" branch-rate="0">
					<methods/>
					<lines>
						<line number="7" hits="1"/>
						<line number="9" hits="1"/>
						<line number="11" hits="1"/>
						<line number="14" hits="1"/>
						<line number="19" hits="1"/>
						<line number="21" hits="1"/>
						<line number="22" hits="1"/>
						<line number="24" hits="0" branch="true" condition-coverage="0% (0/2)" missing-branches="25,27"/>
						<line number="25" hits="0"/>
						<line number="27" hits="0" branch="true" condition-coverage="0% (0/2)" missing-branches="28,30"/>
						<line number="28" hits="0"/>
						<line number="30" hits="0"/>
						<line number="32" hits="1"/>
						<line number="34" hits="1"/>
						<line number="37" hits="1"/>
						<line number="42" hits="0"/>
						<line number="44" hits="0"/>
						<line number="45" hits="0"/>
						<line number="47" hits="0" branch="true" condition-coverage="0% (0/2)" missing-branches="48,50"/>
						<line number="48" hits="0"/>
						<line number="50" hits="0" branch="true" condition-coverage="0% (0/2)" missing-branches="51,54"/>
						<line number="51" hits="0" branch="true" condition-coverage="0% (0/2)" missing-branches="50,52"/>
						<line number="52" hits="0"/>
						<line number="54" hits="0"/>
						<line number="56" hits="0"/>
						<line number="58" hits="0"/>
						<line number="61" hits="1"/>
						<line number="66" hits="0"/>
						<line number="68" hits="0"/>
						<line number="69" hits="0"/>
						<line number="71" hits="0" branch="true" condition-coverage="0% (0/2)" missing-branches="72,74"/>
						<line number="72" hits="0"/>
						<line number="74" hits="0" branch="true" condition-coverage="0% (0/2)" missing-branches="75,77"/>
						<line number="75" hits="0"/>
						<line number="77" hits="0"/>
						<line number="79" hits="0"/>
						<line number="81" hits="0"/>
					</lines>
				</class>
				<class name="permissions.py" filename="security/permissions.py" complexity="0" line-rate="1" branch-rate="1">
					<methods/>
					<lines>
						<line number="8" hits="1"/>
						<line number="9" hits="1"/>
						<line number="10" hits="1"/>
						<line number="11" hits="1"/>
						<line number="14" hits="1"/>
						<line number="15" hits="1"/>
						<line number="16" hits="1"/>
						<line number="17" hits="1"/>
						<line number="20" hits="1"/>
						<line number="21" hits="1"/>
						<line number="24" hits="1"/>
					</lines>
				</class>
			</classes>
		</package>
		<package name="seeds" line-rate="0" branch-rate="0" complexity="0">
			<classes>
				<class name="__init__.py" filename="seeds/__init__.py" complexity="0" line-rate="0" branch-rate="1">
					<methods/>
					<lines>
						<line number="18" hits="0"/>
					</lines>
				</class>
				<class name="base.py" filename="seeds/base.py" complexity="0" line-rate="0" branch-rate="1">
					<methods/>
					<lines>
						<line number="7" hits="0"/>
						<line number="8" hits="0"/>
						<line number="10" hits="0"/>
						<line number="13" hits="0"/>
						<line number="25" hits="0"/>
						<line number="27" hits="0"/>
						<line number="29" hits="0"/>
						<line number="31" hits="0"/>
						<line number="33" hits="0"/>
						<line number="37" hits="0"/>
						<line number="39" hits="0"/>
						<line number="41" hits="0"/>
						<line number="43" hits="0"/>
						<line number="45" hits="0"/>
						<line number="47" hits="0"/>
						<line number="49" hits="0"/>
						<line number="51" hits="0"/>
						<line number="53" hits="0"/>
						<line number="55" hits="0"/>
						<line number="57" hits="0"/>
						<line number="58" hits="0"/>
					</lines>
				</class>
				<class name="constants.py" filename="seeds/constants.py" complexity="0" line-rate="0" branch-rate="1">
					<methods/>
					<lines>
						<line number="11" hits="0"/>
						<line number="13" hits="0"/>
						<line number="15" hits="0"/>
						<line number="21" hits="0"/>
						<line number="53" hits="0"/>
						<line number="55" hits="0"/>
						<line number="57" hits="0"/>
						<line number="59" hits="0"/>
						<line number="61" hits="0"/>
						<line number="68" hits="0"/>
						<line number="70" hits="0"/>
						<line number="72" hits="0"/>
						<line number="74" hits="0"/>
						<line number="81" hits="0"/>
						<line number="150" hits="0"/>
					</lines>
				</class>
				<class name="permissions.py" filename="seeds/permissions.py" complexity="0" line-rate="0" branch-rate="0">
					<methods/>
					<lines>
						<line number="7" hits="0"/>
						<line number="9" hits="0"/>
						<line number="10" hits="0"/>
						<line number="13" hits="0"/>
						<line number="20" hits="0"/>
						<line number="22" hits="0"/>
						<line number="24" hits="0"/>
						<line number="25" hits="0"/>
						<line number="27" hits="0"/>
						<line number="29" hits="0" branch="true" condition-coverage="0% (0/2)" missing-branches="31,55"/>
						<line number="31" hits="0"/>
						<line number="36" hits="0" branch="true" condition-coverage="0% (0/2)" missing-branches="38,41"/>
						<line number="38" hits="0"/>
						<line number="39" hits="0"/>
						<line number="41" hits="0"/>
						<line number="51" hits="0"/>
						<line number="53" hits="0"/>
						<line number="55" hits="0"/>
						<line number="57" hits="0"/>
						<line number="61" hits="0"/>
						<line number="65" hits="0"/>
					</lines>
				</class>
				<class name="role_permissions.py" filename="seeds/role_permissions.py" complexity="0" line-rate="0" branch-rate="0">
					<methods/>
					<lines>
						<line number="8" hits="0"/>
						<line number="14" hits="0"/>
						<line number="15" hits="0"/>
						<line number="19" hits="0"/>
						<line number="27" hits="0"/>
						<line number="31" hits="0"/>
						<line number="33" hits="0"/>
						<line number="34" hits="0"/>
						<line number="37" hits="0"/>
						<line number="40" hits="0" branch="true" condition-coverage="0% (0/2)" missing-branches="43,108"/>
						<line number="43" hits="0"/>
						<line number="49" hits="0" branch="true" condition-coverage="0% (0/2)" missing-branches="51,57"/>
						<line number="51" hits="0"/>
						<line number="57" hits="0" branch="true" condition-coverage="0% (0/2)" missing-branches="40,60"/>
						<line number="60" hits="0"/>
						<line number="66" hits="0" branch="true" condition-coverage="0% (0/2)" missing-branches="68,75"/>
						<line number="68" hits="0"/>
						<line number="75" hits="0"/>
						<line number="85" hits="0" branch="true" condition-coverage="0% (0/2)" missing-branches="87,93"/>
						<line number="87" hits="0"/>
						<line number="89" hits="0"/>
						<line number="93" hits="0"/>
						<line number="102" hits="0"/>
						<line number="104" hits="0"/>
						<line number="108" hits="0"/>
						<line number="112" hits="0"/>
						<line number="116" hits="0"/>
						<line number="122" hits="0"/>
					</lines>
				</class>
				<class name="roles.py" filename="seeds/roles.py" complexity="0" line-rate="0" branch-rate="0">
					<methods/>
					<lines>
						<line number="7" hits="0"/>
						<line number="9" hits="0"/>
						<line number="10" hits="0"/>
						<line number="13" hits="0"/>
						<line number="20" hits="0"/>
						<line number="23" hits="0"/>
						<line number="25" hits="0"/>
						<line number="26" hits="0"/>
						<line number="28" hits="0"/>
						<line number="30" hits="0" branch="true" condition-coverage="0% (0/2)" missing-branches="32,58"/>
						<line number="32" hits="0"/>
						<line number="37" hits="0" branch="true" condition-coverage="0% (0/2)" missing-branches="39,43"/>
						<line number="39" hits="0"/>
						<line number="40" hits="0"/>
						<line number="43" hits="0"/>
						<line number="53" hits="0"/>
						<line number="55" hits="0"/>
						<line number="58" hits="0"/>
						<line number="61" hits="0"/>
						<line number="65" hits="0"/>
						<line number="70" hits="0"/>
					</lines>
				</class>
				<class name="runner.py" filename="seeds/runner.py" complexity="0" line-rate="0" branch-rate="0">
					<methods/>
					<lines>
						<line number="8" hits="0"/>
						<line number="10" hits="0"/>
						<line number="14" hits="0"/>
						<line number="16" hits="0"/>
						<line number="19" hits="0"/>
						<line number="21" hits="0"/>
						<line number="23" hits="0"/>
						<line number="25" hits="0"/>
						<line number="29" hits="0"/>
						<line number="32" hits="0"/>
						<line number="35" hits="0"/>
						<line number="37" hits="0"/>
						<line number="39" hits="0"/>
						<line number="43" hits="0"/>
						<line number="47" hits="0" branch="true" condition-coverage="0% (0/2)" missing-branches="49,63"/>
						<line number="49" hits="0"/>
						<line number="51" hits="0"/>
						<line number="53" hits="0"/>
						<line number="57" hits="0"/>
						<line number="63" hits="0"/>
						<line number="65" hits="0"/>
						<line number="67" hits="0"/>
						<line number="71" hits="0"/>
					</lines>
				</class>
				<class name="seed.py" filename="seeds/seed.py" complexity="0" line-rate="0" branch-rate="0">
					<methods/>
					<lines>
						<line number="8" hits="0"/>
						<line number="9" hits="0"/>
						<line number="10" hits="0"/>
						<line number="11" hits="0"/>
						<line number="12" hits="0"/>
						<line number="16" hits="0"/>
						<line number="22" hits="0"/>
						<line number="24" hits="0"/>
						<line number="39" hits="0"/>
						<line number="41" hits="0"/>
						<line number="44" hits="0" branch="true" condition-coverage="0% (0/2)" missing-branches="46,51"/>
						<line number="46" hits="0"/>
						<line number="51" hits="0"/>
					</lines>
				</class>
				<class name="user_roles.py" filename="seeds/user_roles.py" complexity="0" line-rate="0" branch-rate="0">
					<methods/>
					<lines>
						<line number="8" hits="0"/>
						<line number="14" hits="0"/>
						<line number="16" hits="0"/>
						<line number="23" hits="0"/>
						<line number="31" hits="0"/>
						<line number="35" hits="0"/>
						<line number="37" hits="0"/>
						<line number="38" hits="0"/>
						<line number="41" hits="0"/>
						<line number="45" hits="0"/>
						<line number="51" hits="0" branch="true" condition-coverage="0% (0/2)" missing-branches="53,60"/>
						<line number="53" hits="0"/>
						<line number="60" hits="0"/>
						<line number="66" hits="0" branch="true" condition-coverage="0% (0/2)" missing-branches="68,75"/>
						<line number="68" hits="0"/>
						<line number="75" hits="0"/>
						<line number="85" hits="0" branch="true" condition-coverage="0% (0/2)" missing-branches="87,92"/>
						<line number="87" hits="0"/>
						<line number="92" hits="0"/>
						<line number="101" hits="0"/>
						<line number="103" hits="0"/>
						<line number="107" hits="0"/>
						<line number="111" hits="0"/>
						<line number="116" hits="0"/>
						<line number="121" hits="0"/>
					</lines>
				</class>
				<class name="users.py" filename="seeds/users.py" complexity="0" line-rate="0" branch-rate="0">
					<methods/>
					<lines>
						<line number="8" hits="0"/>
						<line number="10" hits="0"/>
						<line number="12" hits="0"/>
						<line number="22" hits="0"/>
						<line number="30" hits="0"/>
						<line number="34" hits="0"/>
						<line number="36" hits="0"/>
						<line number="37" hits="0"/>
						<line number="40" hits="0"/>
						<line number="43" hits="0"/>
						<line number="57" hits="0" branch="true" condition-coverage="0% (0/2)" missing-branches="59,64"/>
						<line number="59" hits="0"/>
						<line number="64" hits="0"/>
						<line number="79" hits="0"/>
						<line number="84" hits="0"/>
						<line number="86" hits="0"/>
						<line number="90" hits="0"/>
						<line number="94" hits="0"/>
						<line number="98" hits="0"/>
						<line number="103" hits="0"/>
					</lines>
				</class>
			</classes>
		</package>
	</packages>
</coverage>
